ParseStarterProject/build/intermediates/manifest_merge_blame_file/debug/manifest-merger-blame-debug-report.txt
1<?xml version="1.0" encoding="utf-8"?>
2<manifest xmlns:android="http://schemas.android.com/apk/res/android"
3    package="com.parse.starter"
4    android:versionCode="1"
5    android:versionName="1.0" >
6
7    <uses-sdk
8        android:minSdkVersion="26"
8-->src\main\AndroidManifest.xml
9        android:targetSdkVersion="26" />
9-->src\main\AndroidManifest.xml
10
11    <uses-permission android:name="android.permission.INTERNET" />
11-->src\main\AndroidManifest.xml:5:5-67
11-->src\main\AndroidManifest.xml:5:22-64
12    <uses-permission android:name="android.permission.ACCESS_NETWORK_STATE" />
12-->src\main\AndroidManifest.xml:6:5-79
12-->src\main\AndroidManifest.xml:6:22-76
13    <uses-permission android:name="android.permission.READ_EXTERNAL_STORAGE" />
13-->src\main\AndroidManifest.xml:7:5-80
13-->src\main\AndroidManifest.xml:7:22-77
14    <uses-permission android:name="android.permission.ACCESS_FINE_LOCATION" />
14-->src\main\AndroidManifest.xml:8:5-79
14-->src\main\AndroidManifest.xml:8:22-76
15
16    <!-- Optional permission for Analytics to run. -->
17    <uses-permission android:name="android.permission.WAKE_LOCK" /> <!-- Permissions required for GCM -->
17-->[com.google.android.gms:play-services-analytics:9.4.0] AndroidManifest.xml:25:5-67
17-->[com.google.android.gms:play-services-analytics:9.4.0] AndroidManifest.xml:25:22-65
18    <uses-permission android:name="com.google.android.c2dm.permission.RECEIVE" />
18-->[com.google.android.gms:play-services-gcm:9.4.0] AndroidManifest.xml:21:5-82
18-->[com.google.android.gms:play-services-gcm:9.4.0] AndroidManifest.xml:21:22-79
19
20    <uses-feature
20-->[com.google.android.gms:play-services-maps:9.4.0] AndroidManifest.xml:22:5-24:33
21        android:glEsVersion="0x00020000"
21-->[com.google.android.gms:play-services-maps:9.4.0] AndroidManifest.xml:23:8-40
22        android:required="true" />
22-->[com.google.android.gms:play-services-maps:9.4.0] AndroidManifest.xml:24:8-31
23
24    <permission
24-->[com.google.firebase:firebase-iid:9.4.0] AndroidManifest.xml:25:5-26:47
25        android:name="com.parse.starter.permission.C2D_MESSAGE"
25-->[com.google.firebase:firebase-iid:9.4.0] AndroidManifest.xml:25:17-71
26        android:protectionLevel="signature" />
26-->[com.google.firebase:firebase-iid:9.4.0] AndroidManifest.xml:26:9-44
27
28    <uses-permission android:name="com.parse.starter.permission.C2D_MESSAGE" />
28-->[com.google.firebase:firebase-iid:9.4.0] AndroidManifest.xml:28:5-79
28-->[com.google.firebase:firebase-iid:9.4.0] AndroidManifest.xml:28:22-76
29
30    <application
30-->src\main\AndroidManifest.xml:10:5-28:19
31        android:name="com.parse.starter.StarterApplication"
31-->src\main\AndroidManifest.xml:11:9-43
32        android:allowBackup="true"
32-->src\main\AndroidManifest.xml:12:9-35
33        android:debuggable="true"
34        android:extractNativeLibs="false"
35        android:icon="@drawable/icon"
35-->src\main\AndroidManifest.xml:13:9-38
36        android:label="@string/app_name"
36-->src\main\AndroidManifest.xml:14:9-41
37        android:testOnly="true"
38        android:theme="@style/AppTheme" >
38-->src\main\AndroidManifest.xml:15:9-40
39        <activity android:name="com.parse.starter.FullScreenImageActivity" />
39-->src\main\AndroidManifest.xml:16:9-70
39-->src\main\AndroidManifest.xml:16:19-58
40        <activity android:name="com.parse.starter.UserFeedActivity" />
40-->src\main\AndroidManifest.xml:17:9-54
40-->src\main\AndroidManifest.xml:17:19-51
41        <activity android:name="com.parse.starter.UserListActivity" />
41-->src\main\AndroidManifest.xml:18:9-54
41-->src\main\AndroidManifest.xml:18:19-51
42        <activity
42-->src\main\AndroidManifest.xml:19:9-27:20
43            android:name="com.parse.starter.MainActivity"
43-->src\main\AndroidManifest.xml:20:13-41
44            android:label="@string/app_name" >
44-->src\main\AndroidManifest.xml:21:13-45
45            <intent-filter>
45-->src\main\AndroidManifest.xml:22:13-26:29
46                <action android:name="android.intent.action.MAIN" />
46-->src\main\AndroidManifest.xml:23:17-69
46-->src\main\AndroidManifest.xml:23:25-66
47
48                <category android:name="android.intent.category.LAUNCHER" />
48-->src\main\AndroidManifest.xml:25:17-77
48-->src\main\AndroidManifest.xml:25:27-74
49            </intent-filter>
50        </activity>
51
52        <receiver android:name="com.google.android.gms.cast.framework.media.MediaIntentReceiver" />
52-->[com.google.android.gms:play-services-cast-framework:9.4.0] AndroidManifest.xml:6:9-100
52-->[com.google.android.gms:play-services-cast-framework:9.4.0] AndroidManifest.xml:6:19-97
53
54        <service android:name="com.google.android.gms.cast.framework.media.MediaNotificationService" />
54-->[com.google.android.gms:play-services-cast-framework:9.4.0] AndroidManifest.xml:7:9-104
54-->[com.google.android.gms:play-services-cast-framework:9.4.0] AndroidManifest.xml:7:18-101
55        <service android:name="com.google.android.gms.cast.framework.ReconnectionService" />
55-->[com.google.android.gms:play-services-cast-framework:9.4.0] AndroidManifest.xml:8:9-92
55-->[com.google.android.gms:play-services-cast-framework:9.4.0] AndroidManifest.xml:8:18-90
56
57        <meta-data
57-->[com.android.support:appcompat-v7:26.0.0] AndroidManifest.xml:26:9-28:38
58            android:name="android.support.VERSION"
58-->[com.android.support:appcompat-v7:26.0.0] AndroidManifest.xml:27:13-51
59            android:value="26.0.0" /> <!-- Include the AdActivity and InAppPurchaseActivity configChanges and themes. -->
59-->[com.android.support:appcompat-v7:26.0.0] AndroidManifest.xml:28:13-35
60        <activity
60-->[com.google.android.gms:play-services-ads-lite:9.4.0] AndroidManifest.xml:26:9-29:64
61            android:name="com.google.android.gms.ads.AdActivity"
61-->[com.google.android.gms:play-services-ads-lite:9.4.0] AndroidManifest.xml:27:13-65
62            android:configChanges="keyboard|keyboardHidden|orientation|screenLayout|uiMode|screenSize|smallestScreenSize"
62-->[com.google.android.gms:play-services-ads-lite:9.4.0] AndroidManifest.xml:28:13-122
63            android:theme="@android:style/Theme.Translucent" />
63-->[com.google.android.gms:play-services-ads-lite:9.4.0] AndroidManifest.xml:29:13-61
64        <activity
64-->[com.google.android.gms:play-services-ads-lite:9.4.0] AndroidManifest.xml:30:9-31:52
65            android:name="com.google.android.gms.ads.purchase.InAppPurchaseActivity"
65-->[com.google.android.gms:play-services-ads-lite:9.4.0] AndroidManifest.xml:30:19-91
66            android:theme="@style/Theme.IAPTheme" />
66-->[com.google.android.gms:play-services-ads-lite:9.4.0] AndroidManifest.xml:31:13-50
67        <activity
67-->[com.google.android.gms:play-services-appinvite:9.4.0] AndroidManifest.xml:21:9-29:20
68            android:name="com.google.android.gms.appinvite.PreviewActivity"
68-->[com.google.android.gms:play-services-appinvite:9.4.0] AndroidManifest.xml:22:17-48
69            android:exported="true"
69-->[com.google.android.gms:play-services-appinvite:9.4.0] AndroidManifest.xml:23:17-40
70            android:theme="@style/Theme.AppInvite.Preview" >
70-->[com.google.android.gms:play-services-appinvite:9.4.0] AndroidManifest.xml:24:17-63
71            <intent-filter>
71-->[com.google.android.gms:play-services-appinvite:9.4.0] AndroidManifest.xml:25:13-28:29
72                <action android:name="com.google.android.gms.appinvite.ACTION_PREVIEW" />
72-->[com.google.android.gms:play-services-appinvite:9.4.0] AndroidManifest.xml:26:17-89
72-->[com.google.android.gms:play-services-appinvite:9.4.0] AndroidManifest.xml:26:25-87
73
74                <category android:name="android.intent.category.DEFAULT" />
74-->[com.google.android.gms:play-services-appinvite:9.4.0] AndroidManifest.xml:27:17-75
74-->[com.google.android.gms:play-services-appinvite:9.4.0] AndroidManifest.xml:27:27-73
75            </intent-filter>
76        </activity>
77        <activity
77-->[com.google.android.gms:play-services-auth:9.4.0] AndroidManifest.xml:21:9-24:46
78            android:name="com.google.android.gms.auth.api.signin.internal.SignInHubActivity"
78-->[com.google.android.gms:play-services-auth:9.4.0] AndroidManifest.xml:21:19-68
79            android:excludeFromRecents="true"
79-->[com.google.android.gms:play-services-auth:9.4.0] AndroidManifest.xml:23:19-52
80            android:exported="false"
80-->[com.google.android.gms:play-services-auth:9.4.0] AndroidManifest.xml:24:19-43
81            android:theme="@android:style/Theme.Translucent.NoTitleBar" />
81-->[com.google.android.gms:play-services-auth:9.4.0] AndroidManifest.xml:22:19-78
82        <!--
83Service handling Google Sign-In user revocation. For apps that do not integrate with
84            Google Sign-In, this service will never be started.
85        -->
86        <service
86-->[com.google.android.gms:play-services-auth:9.4.0] AndroidManifest.xml:28:9-31:110
87            android:name="com.google.android.gms.auth.api.signin.RevocationBoundService"
87-->[com.google.android.gms:play-services-auth:9.4.0] AndroidManifest.xml:29:13-58
88            android:exported="true"
88-->[com.google.android.gms:play-services-auth:9.4.0] AndroidManifest.xml:30:13-36
89            android:permission="com.google.android.gms.auth.api.signin.permission.REVOCATION_NOTIFICATION" />
89-->[com.google.android.gms:play-services-auth:9.4.0] AndroidManifest.xml:31:13-107
90        <service
90-->[com.google.firebase:firebase-crash:9.4.0] AndroidManifest.xml:26:9-27:50
91            android:name="com.google.firebase.crash.internal.service.FirebaseCrashReceiverService"
91-->[com.google.firebase:firebase-crash:9.4.0] AndroidManifest.xml:26:18-79
92            android:process=":background_crash" />
92-->[com.google.firebase:firebase-crash:9.4.0] AndroidManifest.xml:27:13-48
93        <service
93-->[com.google.firebase:firebase-crash:9.4.0] AndroidManifest.xml:29:9-30:50
94            android:name="com.google.firebase.crash.internal.service.FirebaseCrashSenderService"
94-->[com.google.firebase:firebase-crash:9.4.0] AndroidManifest.xml:29:18-77
95            android:process=":background_crash" />
95-->[com.google.firebase:firebase-crash:9.4.0] AndroidManifest.xml:30:13-48
96
97        <activity
97-->[com.google.android.gms:play-services-base:9.4.0] AndroidManifest.xml:20:9-22:45
98            android:name="com.google.android.gms.common.api.GoogleApiActivity"
98-->[com.google.android.gms:play-services-base:9.4.0] AndroidManifest.xml:20:19-85
99            android:exported="false"
99-->[com.google.android.gms:play-services-base:9.4.0] AndroidManifest.xml:22:19-43
100            android:theme="@android:style/Theme.Translucent.NoTitleBar" />
100-->[com.google.android.gms:play-services-base:9.4.0] AndroidManifest.xml:21:19-78
101        <!--
102 FirebaseMessagingService performs security checks at runtime,
103             no need for explicit permissions despite exported="true"
104        -->
105        <service
105-->[com.google.firebase:firebase-messaging:9.4.0] AndroidManifest.xml:24:9-30:19
106            android:name="com.google.firebase.messaging.FirebaseMessagingService"
106-->[com.google.firebase:firebase-messaging:9.4.0] AndroidManifest.xml:25:13-82
107            android:exported="true" >
107-->[com.google.firebase:firebase-messaging:9.4.0] AndroidManifest.xml:26:13-36
108            <intent-filter android:priority="-500" >
108-->[com.google.firebase:firebase-messaging:9.4.0] AndroidManifest.xml:27:13-29:29
108-->[com.google.firebase:firebase-messaging:9.4.0] AndroidManifest.xml:27:28-51
109                <action android:name="com.google.firebase.MESSAGING_EVENT" />
109-->[com.google.firebase:firebase-messaging:9.4.0] AndroidManifest.xml:28:17-78
109-->[com.google.firebase:firebase-messaging:9.4.0] AndroidManifest.xml:28:25-75
110            </intent-filter>
111        </service>
112        <service
112-->[com.google.android.gms:play-services-tagmanager-api:9.4.0] AndroidManifest.xml:25:9-27:42
113            android:name="com.google.android.gms.tagmanager.TagManagerService"
113-->[com.google.android.gms:play-services-tagmanager-api:9.4.0] AndroidManifest.xml:25:18-84
114            android:enabled="true"
114-->[com.google.android.gms:play-services-tagmanager-api:9.4.0] AndroidManifest.xml:27:17-39
115            android:exported="false" />
115-->[com.google.android.gms:play-services-tagmanager-api:9.4.0] AndroidManifest.xml:26:17-41
116
117        <activity
117-->[com.google.android.gms:play-services-tagmanager-api:9.4.0] AndroidManifest.xml:28:9-37:20
118            android:name="com.google.android.gms.tagmanager.TagManagerPreviewActivity"
118-->[com.google.android.gms:play-services-tagmanager-api:9.4.0] AndroidManifest.xml:29:13-87
119            android:noHistory="true" > <!-- optional, removes the previewActivity from the activity stack. -->
119-->[com.google.android.gms:play-services-tagmanager-api:9.4.0] AndroidManifest.xml:30:13-37
120            <intent-filter>
120-->[com.google.android.gms:play-services-tagmanager-api:9.4.0] AndroidManifest.xml:31:13-36:29
121                <data android:scheme="tagmanager.c.com.parse.starter" />
121-->[com.google.android.gms:play-services-tagmanager-api:9.4.0] AndroidManifest.xml:32:17-72
121-->[com.google.android.gms:play-services-tagmanager-api:9.4.0] AndroidManifest.xml:32:23-69
122
123                <action android:name="android.intent.action.VIEW" />
123-->[com.google.android.gms:play-services-tagmanager-api:9.4.0] AndroidManifest.xml:33:17-69
123-->[com.google.android.gms:play-services-tagmanager-api:9.4.0] AndroidManifest.xml:33:25-66
124
125                <category android:name="android.intent.category.DEFAULT" />
125-->[com.google.android.gms:play-services-appinvite:9.4.0] AndroidManifest.xml:27:17-75
125-->[com.google.android.gms:play-services-appinvite:9.4.0] AndroidManifest.xml:27:27-73
126                <category android:name="android.intent.category.BROWSABLE" />
126-->[com.google.android.gms:play-services-tagmanager-api:9.4.0] AndroidManifest.xml:35:17-77
126-->[com.google.android.gms:play-services-tagmanager-api:9.4.0] AndroidManifest.xml:35:27-75
127            </intent-filter>
128        </activity>
129
130        <receiver
130-->[com.google.firebase:firebase-analytics:9.4.0] AndroidManifest.xml:28:7-34:18
131            android:name="com.google.android.gms.measurement.AppMeasurementReceiver"
131-->[com.google.firebase:firebase-analytics:9.4.0] AndroidManifest.xml:29:11-83
132            android:enabled="true" >
132-->[com.google.firebase:firebase-analytics:9.4.0] AndroidManifest.xml:30:11-33
133            <intent-filter>
133-->[com.google.firebase:firebase-analytics:9.4.0] AndroidManifest.xml:31:9-33:25
134                <action android:name="com.google.android.gms.measurement.UPLOAD" />
134-->[com.google.firebase:firebase-analytics:9.4.0] AndroidManifest.xml:32:11-77
134-->[com.google.firebase:firebase-analytics:9.4.0] AndroidManifest.xml:32:19-75
135            </intent-filter>
136        </receiver>
137
138        <service
138-->[com.google.firebase:firebase-analytics:9.4.0] AndroidManifest.xml:36:7-39:37
139            android:name="com.google.android.gms.measurement.AppMeasurementService"
139-->[com.google.firebase:firebase-analytics:9.4.0] AndroidManifest.xml:37:11-82
140            android:enabled="true"
140-->[com.google.firebase:firebase-analytics:9.4.0] AndroidManifest.xml:38:11-33
141            android:exported="false" />
141-->[com.google.firebase:firebase-analytics:9.4.0] AndroidManifest.xml:39:11-35
142
143        <receiver
143-->[com.google.firebase:firebase-iid:9.4.0] AndroidManifest.xml:32:9-41:20
144            android:name="com.google.firebase.iid.FirebaseInstanceIdReceiver"
144-->[com.google.firebase:firebase-iid:9.4.0] AndroidManifest.xml:33:13-78
145            android:exported="true"
145-->[com.google.firebase:firebase-iid:9.4.0] AndroidManifest.xml:34:13-36
146            android:permission="com.google.android.c2dm.permission.SEND" >
146-->[com.google.firebase:firebase-iid:9.4.0] AndroidManifest.xml:35:13-73
147            <intent-filter>
147-->[com.google.firebase:firebase-iid:9.4.0] AndroidManifest.xml:36:13-40:29
148                <action android:name="com.google.android.c2dm.intent.RECEIVE" />
148-->[com.google.firebase:firebase-iid:9.4.0] AndroidManifest.xml:37:17-81
148-->[com.google.firebase:firebase-iid:9.4.0] AndroidManifest.xml:37:25-78
149                <action android:name="com.google.android.c2dm.intent.REGISTRATION" />
149-->[com.google.firebase:firebase-iid:9.4.0] AndroidManifest.xml:38:17-86
149-->[com.google.firebase:firebase-iid:9.4.0] AndroidManifest.xml:38:25-83
150
151                <category android:name="com.parse.starter" />
151-->[com.google.firebase:firebase-iid:9.4.0] AndroidManifest.xml:39:17-61
151-->[com.google.firebase:firebase-iid:9.4.0] AndroidManifest.xml:39:27-58
152            </intent-filter>
153        </receiver>
154        <!--
155 Internal (not exported) receiver used by the app to start its own exported services
156             without risk of being spoofed.
157        -->
158        <receiver
158-->[com.google.firebase:firebase-iid:9.4.0] AndroidManifest.xml:45:9-47:40
159            android:name="com.google.firebase.iid.FirebaseInstanceIdInternalReceiver"
159-->[com.google.firebase:firebase-iid:9.4.0] AndroidManifest.xml:46:13-86
160            android:exported="false" />
160-->[com.google.firebase:firebase-iid:9.4.0] AndroidManifest.xml:47:13-37
161        <!--
162 FirebaseInstanceIdService performs security checks at runtime,
163             no need for explicit permissions despite exported="true"
164        -->
165        <service
165-->[com.google.firebase:firebase-iid:9.4.0] AndroidManifest.xml:51:9-57:19
166            android:name="com.google.firebase.iid.FirebaseInstanceIdService"
166-->[com.google.firebase:firebase-iid:9.4.0] AndroidManifest.xml:52:13-77
167            android:exported="true" >
167-->[com.google.firebase:firebase-iid:9.4.0] AndroidManifest.xml:53:13-36
168            <intent-filter android:priority="-500" >
168-->[com.google.firebase:firebase-iid:9.4.0] AndroidManifest.xml:54:13-56:29
168-->[com.google.firebase:firebase-iid:9.4.0] AndroidManifest.xml:54:28-51
169                <action android:name="com.google.firebase.INSTANCE_ID_EVENT" />
169-->[com.google.firebase:firebase-iid:9.4.0] AndroidManifest.xml:55:17-80
169-->[com.google.firebase:firebase-iid:9.4.0] AndroidManifest.xml:55:25-77
170            </intent-filter>
171        </service>
172
173        <provider
173-->[com.google.firebase:firebase-common:9.4.0] AndroidManifest.xml:7:9-11:39
174            android:name="com.google.firebase.provider.FirebaseInitProvider"
174-->[com.google.firebase:firebase-common:9.4.0] AndroidManifest.xml:9:13-58
175            android:authorities="com.parse.starter.firebaseinitprovider"
175-->[com.google.firebase:firebase-common:9.4.0] AndroidManifest.xml:8:13-72
176            android:exported="false"
176-->[com.google.firebase:firebase-common:9.4.0] AndroidManifest.xml:10:13-37
177            android:initOrder="100" />
177-->[com.google.firebase:firebase-common:9.4.0] AndroidManifest.xml:11:13-36
178
179        <meta-data
179-->[com.google.android.gms:play-services-basement:9.4.0] AndroidManifest.xml:21:9-23:69
180            android:name="com.google.android.gms.version"
180-->[com.google.android.gms:play-services-basement:9.4.0] AndroidManifest.xml:22:13-58
181            android:value="@integer/google_play_services_version" />
181-->[com.google.android.gms:play-services-basement:9.4.0] AndroidManifest.xml:23:13-66
182    </application>
183
184</manifest>